16:28:03 - INFO - Logging system initialized successfully
16:28:03 - INFO - Log level: INFO
============================= test session starts ==============================
platform linux -- Python 3.12.3, pytest-7.4.3, pluggy-1.6.0 -- /home/lucky/OpenHealth/HealthAPI/env/bin/python
cachedir: .pytest_cache
rootdir: /home/lucky/OpenHealth/HealthAPI
configfile: pytest.ini
plugins: cov-4.1.0, anyio-4.11.0, asyncio-0.21.1
asyncio: mode=Mode.AUTO
collecting ... ERROR: file or directory not found: tests/test_v2_api.py::test_protected_user_endpoint

collected 0 items

=============================== warnings summary ===============================
env/lib/python3.12/site-packages/passlib/utils/__init__.py:854
  /home/lucky/OpenHealth/HealthAPI/env/lib/python3.12/site-packages/passlib/utils/__init__.py:854: DeprecationWarning: 'crypt' is deprecated and slated for removal in Python 3.13
    from crypt import crypt as _crypt

-- Docs: https://docs.pytest.org/en/stable/how-to/capture-warnings.html
============================== 1 warning in 0.01s ==============================
